2023-10-15T00:41:32.446+02:00  INFO 12272 --- [restartedMain] c.e.demotestapp.DemoTestAppApplication   : Starting DemoTestAppApplication using Java 17.0.2 with PID 12272 (C:\Users\nhlahla.mathye\IdeaProjects\demoTestApp\target\classes started by Nhlahla.Mathye in C:\Users\nhlahla.mathye\IdeaProjects\demoTestApp)
2023-10-15T00:41:32.455+02:00  INFO 12272 --- [restartedMain] c.e.demotestapp.DemoTestAppApplication   : No active profile set, falling back to 1 default profile: "default"
2023-10-15T00:41:32.518+02:00  INFO 12272 --- [restartedMain] .e.DevToolsPropertyDefaultsPostProcessor : Devtools property defaults active! Set 'spring.devtools.add-properties' to 'false' to disable
2023-10-15T00:41:32.519+02:00  INFO 12272 --- [restartedMain] .e.DevToolsPropertyDefaultsPostProcessor : For additional web related logging consider setting the 'logging.level.web' property to 'DEBUG'
2023-10-15T00:41:33.068+02:00  INFO 12272 --- [restartedMain] trationDelegate$BeanPostProcessorChecker : Bean 'org.springframework.ws.config.annotation.DelegatingWsConfiguration' of type [org.springframework.ws.config.annotation.DelegatingWsConfiguration$$SpringCGLIB$$0] is not eligible for getting processed by all BeanPostProcessors (for example: not eligible for auto-proxying)
2023-10-15T00:41:33.116+02:00  INFO 12272 --- [restartedMain] .w.s.a.s.AnnotationActionEndpointMapping : Supporting [WS-Addressing August 2004, WS-Addressing 1.0]
2023-10-15T00:41:33.337+02:00  INFO 12272 --- [restartedMain] o.s.b.w.embedded.tomcat.TomcatWebServer  : Tomcat initialized with port(s): 8080 (http)
2023-10-15T00:41:33.345+02:00  INFO 12272 --- [restartedMain] o.apache.catalina.core.StandardService   : Starting service [Tomcat]
2023-10-15T00:41:33.345+02:00  INFO 12272 --- [restartedMain] o.apache.catalina.core.StandardEngine    : Starting Servlet engine: [Apache Tomcat/10.1.13]
2023-10-15T00:41:33.402+02:00  INFO 12272 --- [restartedMain] o.a.c.c.C.[Tomcat].[localhost].[/]       : Initializing Spring embedded WebApplicationContext
2023-10-15T00:41:33.403+02:00  INFO 12272 --- [restartedMain] w.s.c.ServletWebServerApplicationContext : Root WebApplicationContext: initialization completed in 883 ms
2023-10-15T00:41:33.559+02:00  INFO 12272 --- [restartedMain] o.s.b.a.w.s.WelcomePageHandlerMapping    : Adding welcome page: class path resource [static/index.html]
2023-10-15T00:41:33.695+02:00  INFO 12272 --- [restartedMain] o.s.b.d.a.OptionalLiveReloadServer       : LiveReload server is running on port 35729
2023-10-15T00:41:33.720+02:00  INFO 12272 --- [restartedMain] o.s.b.w.embedded.tomcat.TomcatWebServer  : Tomcat started on port(s): 8080 (http) with context path ''
2023-10-15T00:41:33.727+02:00  INFO 12272 --- [restartedMain] c.e.demotestapp.DemoTestAppApplication   : Started DemoTestAppApplication in 1.661 seconds (process running for 2.944)
2023-10-15T00:41:43.233+02:00  INFO 12272 --- [http-nio-8080-exec-1] o.a.c.c.C.[Tomcat].[localhost].[/]       : Initializing Spring DispatcherServlet 'dispatcherServlet'
2023-10-15T00:41:43.234+02:00  INFO 12272 --- [http-nio-8080-exec-1] o.s.web.servlet.DispatcherServlet        : Initializing Servlet 'dispatcherServlet'
2023-10-15T00:41:43.235+02:00  INFO 12272 --- [http-nio-8080-exec-1] o.s.web.servlet.DispatcherServlet        : Completed initialization in 1 ms
2023-10-15T01:35:41.946+02:00  INFO 18184 --- [restartedMain] c.e.demotestapp.DemoTestAppApplication   : Starting DemoTestAppApplication using Java 17.0.2 with PID 18184 (C:\Users\nhlahla.mathye\IdeaProjects\demoTestApp\target\classes started by Nhlahla.Mathye in C:\Users\nhlahla.mathye\IdeaProjects\demoTestApp)
2023-10-15T01:35:41.950+02:00  INFO 18184 --- [restartedMain] c.e.demotestapp.DemoTestAppApplication   : No active profile set, falling back to 1 default profile: "default"
2023-10-15T01:35:42.004+02:00  INFO 18184 --- [restartedMain] .e.DevToolsPropertyDefaultsPostProcessor : Devtools property defaults active! Set 'spring.devtools.add-properties' to 'false' to disable
2023-10-15T01:35:42.005+02:00  INFO 18184 --- [restartedMain] .e.DevToolsPropertyDefaultsPostProcessor : For additional web related logging consider setting the 'logging.level.web' property to 'DEBUG'
2023-10-15T01:35:42.707+02:00  INFO 18184 --- [restartedMain] trationDelegate$BeanPostProcessorChecker : Bean 'org.springframework.ws.config.annotation.DelegatingWsConfiguration' of type [org.springframework.ws.config.annotation.DelegatingWsConfiguration$$SpringCGLIB$$0] is not eligible for getting processed by all BeanPostProcessors (for example: not eligible for auto-proxying)
2023-10-15T01:35:42.748+02:00  INFO 18184 --- [restartedMain] .w.s.a.s.AnnotationActionEndpointMapping : Supporting [WS-Addressing August 2004, WS-Addressing 1.0]
2023-10-15T01:35:42.964+02:00  INFO 18184 --- [restartedMain] o.s.b.w.embedded.tomcat.TomcatWebServer  : Tomcat initialized with port(s): 8080 (http)
2023-10-15T01:35:42.972+02:00  INFO 18184 --- [restartedMain] o.apache.catalina.core.StandardService   : Starting service [Tomcat]
2023-10-15T01:35:42.972+02:00  INFO 18184 --- [restartedMain] o.apache.catalina.core.StandardEngine    : Starting Servlet engine: [Apache Tomcat/10.1.13]
2023-10-15T01:35:43.026+02:00  INFO 18184 --- [restartedMain] o.a.c.c.C.[Tomcat].[localhost].[/]       : Initializing Spring embedded WebApplicationContext
2023-10-15T01:35:43.026+02:00  INFO 18184 --- [restartedMain] w.s.c.ServletWebServerApplicationContext : Root WebApplicationContext: initialization completed in 1021 ms
2023-10-15T01:35:43.187+02:00  INFO 18184 --- [restartedMain] o.s.b.a.w.s.WelcomePageHandlerMapping    : Adding welcome page: class path resource [static/index.html]
2023-10-15T01:35:43.325+02:00  INFO 18184 --- [restartedMain] o.s.b.d.a.OptionalLiveReloadServer       : LiveReload server is running on port 35729
2023-10-15T01:35:43.352+02:00  INFO 18184 --- [restartedMain] o.s.b.w.embedded.tomcat.TomcatWebServer  : Tomcat started on port(s): 8080 (http) with context path ''
2023-10-15T01:35:43.359+02:00  INFO 18184 --- [restartedMain] c.e.demotestapp.DemoTestAppApplication   : Started DemoTestAppApplication in 1.761 seconds (process running for 2.466)
2023-10-15T01:35:53.906+02:00  INFO 18184 --- [http-nio-8080-exec-1] o.a.c.c.C.[Tomcat].[localhost].[/]       : Initializing Spring DispatcherServlet 'dispatcherServlet'
2023-10-15T01:35:53.907+02:00  INFO 18184 --- [http-nio-8080-exec-1] o.s.web.servlet.DispatcherServlet        : Initializing Servlet 'dispatcherServlet'
2023-10-15T01:35:53.908+02:00  INFO 18184 --- [http-nio-8080-exec-1] o.s.web.servlet.DispatcherServlet        : Completed initialization in 1 ms
2023-10-15T01:36:05.264+02:00  INFO 18184 --- [http-nio-8080-exec-9] c.example.demotestapp.gameplay.GameData  : index location at: 0
2023-10-15T01:36:05.264+02:00  INFO 18184 --- [http-nio-8080-exec-9] c.example.demotestapp.gameplay.GameData  : number of stones picked : 6
2023-10-15T01:36:05.265+02:00  INFO 18184 --- [http-nio-8080-exec-9] c.example.demotestapp.gameplay.GameData  : number of stones picked : 5
2023-10-15T01:36:05.265+02:00  INFO 18184 --- [http-nio-8080-exec-9] c.example.demotestapp.gameplay.GameData  : number of stones picked : 4
2023-10-15T01:36:05.265+02:00  INFO 18184 --- [http-nio-8080-exec-9] c.example.demotestapp.gameplay.GameData  : number of stones picked : 3
2023-10-15T01:36:05.265+02:00  INFO 18184 --- [http-nio-8080-exec-9] c.example.demotestapp.gameplay.GameData  : number of stones picked : 2
2023-10-15T01:36:05.265+02:00  INFO 18184 --- [http-nio-8080-exec-9] c.example.demotestapp.gameplay.GameData  : number of stones picked : 1
2023-10-15T01:36:52.847+02:00  INFO 18184 --- [http-nio-8080-exec-6] c.example.demotestapp.gameplay.GameData  : index location at: 1
2023-10-15T01:36:52.848+02:00  INFO 18184 --- [http-nio-8080-exec-6] c.example.demotestapp.gameplay.GameData  : number of stones picked : 7
2023-10-15T01:36:52.848+02:00  INFO 18184 --- [http-nio-8080-exec-6] c.example.demotestapp.gameplay.GameData  : number of stones picked : 6
2023-10-15T01:36:52.848+02:00  INFO 18184 --- [http-nio-8080-exec-6] c.example.demotestapp.gameplay.GameData  : number of stones picked : 5
2023-10-15T01:36:52.848+02:00  INFO 18184 --- [http-nio-8080-exec-6] c.example.demotestapp.gameplay.GameData  : number of stones picked : 4
2023-10-15T01:36:52.848+02:00  INFO 18184 --- [http-nio-8080-exec-6] c.example.demotestapp.gameplay.GameData  : number of stones picked : 3
2023-10-15T01:36:52.849+02:00  INFO 18184 --- [http-nio-8080-exec-6] c.example.demotestapp.gameplay.GameData  : number of stones picked : 2
2023-10-15T01:36:52.849+02:00  INFO 18184 --- [http-nio-8080-exec-6] c.example.demotestapp.gameplay.GameData  : number of stones picked : 1
2023-10-15T01:38:43.588+02:00  INFO 9924 --- [restartedMain] c.e.demotestapp.DemoTestAppApplication   : Starting DemoTestAppApplication using Java 17.0.2 with PID 9924 (C:\Users\nhlahla.mathye\IdeaProjects\demoTestApp\target\classes started by Nhlahla.Mathye in C:\Users\nhlahla.mathye\IdeaProjects\demoTestApp)
2023-10-15T01:38:43.590+02:00  INFO 9924 --- [restartedMain] c.e.demotestapp.DemoTestAppApplication   : No active profile set, falling back to 1 default profile: "default"
2023-10-15T01:38:43.640+02:00  INFO 9924 --- [restartedMain] .e.DevToolsPropertyDefaultsPostProcessor : Devtools property defaults active! Set 'spring.devtools.add-properties' to 'false' to disable
2023-10-15T01:38:43.641+02:00  INFO 9924 --- [restartedMain] .e.DevToolsPropertyDefaultsPostProcessor : For additional web related logging consider setting the 'logging.level.web' property to 'DEBUG'
2023-10-15T01:38:44.117+02:00  INFO 9924 --- [restartedMain] trationDelegate$BeanPostProcessorChecker : Bean 'org.springframework.ws.config.annotation.DelegatingWsConfiguration' of type [org.springframework.ws.config.annotation.DelegatingWsConfiguration$$SpringCGLIB$$0] is not eligible for getting processed by all BeanPostProcessors (for example: not eligible for auto-proxying)
2023-10-15T01:38:44.162+02:00  INFO 9924 --- [restartedMain] .w.s.a.s.AnnotationActionEndpointMapping : Supporting [WS-Addressing August 2004, WS-Addressing 1.0]
2023-10-15T01:38:44.369+02:00  INFO 9924 --- [restartedMain] o.s.b.w.embedded.tomcat.TomcatWebServer  : Tomcat initialized with port(s): 8080 (http)
2023-10-15T01:38:44.376+02:00  INFO 9924 --- [restartedMain] o.apache.catalina.core.StandardService   : Starting service [Tomcat]
2023-10-15T01:38:44.376+02:00  INFO 9924 --- [restartedMain] o.apache.catalina.core.StandardEngine    : Starting Servlet engine: [Apache Tomcat/10.1.13]
2023-10-15T01:38:44.428+02:00  INFO 9924 --- [restartedMain] o.a.c.c.C.[Tomcat].[localhost].[/]       : Initializing Spring embedded WebApplicationContext
2023-10-15T01:38:44.429+02:00  INFO 9924 --- [restartedMain] w.s.c.ServletWebServerApplicationContext : Root WebApplicationContext: initialization completed in 786 ms
2023-10-15T01:38:44.573+02:00  INFO 9924 --- [restartedMain] o.s.b.a.w.s.WelcomePageHandlerMapping    : Adding welcome page: class path resource [static/index.html]
2023-10-15T01:38:44.703+02:00  INFO 9924 --- [restartedMain] o.s.b.d.a.OptionalLiveReloadServer       : LiveReload server is running on port 35729
2023-10-15T01:38:44.729+02:00  INFO 9924 --- [restartedMain] o.s.b.w.embedded.tomcat.TomcatWebServer  : Tomcat started on port(s): 8080 (http) with context path ''
2023-10-15T01:38:44.737+02:00  INFO 9924 --- [restartedMain] c.e.demotestapp.DemoTestAppApplication   : Started DemoTestAppApplication in 1.503 seconds (process running for 2.58)
2023-10-15T01:38:54.029+02:00  INFO 9924 --- [http-nio-8080-exec-1] o.a.c.c.C.[Tomcat].[localhost].[/]       : Initializing Spring DispatcherServlet 'dispatcherServlet'
2023-10-15T01:38:54.030+02:00  INFO 9924 --- [http-nio-8080-exec-1] o.s.web.servlet.DispatcherServlet        : Initializing Servlet 'dispatcherServlet'
2023-10-15T01:38:54.031+02:00  INFO 9924 --- [http-nio-8080-exec-1] o.s.web.servlet.DispatcherServlet        : Completed initialization in 1 ms
2023-10-15T01:38:58.831+02:00  INFO 9924 --- [http-nio-8080-exec-4] c.example.demotestapp.gameplay.GameData  : index location at: 0
2023-10-15T01:38:58.832+02:00  INFO 9924 --- [http-nio-8080-exec-4] c.example.demotestapp.gameplay.GameData  : number of stones picked : 0
2023-10-15T01:39:21.836+02:00  INFO 9924 --- [http-nio-8080-exec-7] c.example.demotestapp.gameplay.GameData  : index location at: 1
2023-10-15T01:39:21.836+02:00  INFO 9924 --- [http-nio-8080-exec-7] c.example.demotestapp.gameplay.GameData  : number of stones picked : 0
2023-10-15T01:41:44.107+02:00  INFO 2120 --- [restartedMain] c.e.demotestapp.DemoTestAppApplication   : Starting DemoTestAppApplication using Java 17.0.2 with PID 2120 (C:\Users\nhlahla.mathye\IdeaProjects\demoTestApp\target\classes started by Nhlahla.Mathye in C:\Users\nhlahla.mathye\IdeaProjects\demoTestApp)
2023-10-15T01:41:44.114+02:00  INFO 2120 --- [restartedMain] c.e.demotestapp.DemoTestAppApplication   : No active profile set, falling back to 1 default profile: "default"
2023-10-15T01:41:44.155+02:00  INFO 2120 --- [restartedMain] .e.DevToolsPropertyDefaultsPostProcessor : Devtools property defaults active! Set 'spring.devtools.add-properties' to 'false' to disable
2023-10-15T01:41:44.156+02:00  INFO 2120 --- [restartedMain] .e.DevToolsPropertyDefaultsPostProcessor : For additional web related logging consider setting the 'logging.level.web' property to 'DEBUG'
2023-10-15T01:41:44.689+02:00  INFO 2120 --- [restartedMain] trationDelegate$BeanPostProcessorChecker : Bean 'org.springframework.ws.config.annotation.DelegatingWsConfiguration' of type [org.springframework.ws.config.annotation.DelegatingWsConfiguration$$SpringCGLIB$$0] is not eligible for getting processed by all BeanPostProcessors (for example: not eligible for auto-proxying)
2023-10-15T01:41:44.712+02:00  INFO 2120 --- [restartedMain] .w.s.a.s.AnnotationActionEndpointMapping : Supporting [WS-Addressing August 2004, WS-Addressing 1.0]
2023-10-15T01:41:44.924+02:00  INFO 2120 --- [restartedMain] o.s.b.w.embedded.tomcat.TomcatWebServer  : Tomcat initialized with port(s): 8080 (http)
2023-10-15T01:41:44.933+02:00  INFO 2120 --- [restartedMain] o.apache.catalina.core.StandardService   : Starting service [Tomcat]
2023-10-15T01:41:44.933+02:00  INFO 2120 --- [restartedMain] o.apache.catalina.core.StandardEngine    : Starting Servlet engine: [Apache Tomcat/10.1.13]
2023-10-15T01:41:45.003+02:00  INFO 2120 --- [restartedMain] o.a.c.c.C.[Tomcat].[localhost].[/]       : Initializing Spring embedded WebApplicationContext
2023-10-15T01:41:45.003+02:00  INFO 2120 --- [restartedMain] w.s.c.ServletWebServerApplicationContext : Root WebApplicationContext: initialization completed in 847 ms
2023-10-15T01:41:45.180+02:00  INFO 2120 --- [restartedMain] o.s.b.a.w.s.WelcomePageHandlerMapping    : Adding welcome page: class path resource [static/index.html]
2023-10-15T01:41:45.294+02:00  INFO 2120 --- [restartedMain] o.s.b.d.a.OptionalLiveReloadServer       : LiveReload server is running on port 35729
2023-10-15T01:41:45.321+02:00  INFO 2120 --- [restartedMain] o.s.b.w.embedded.tomcat.TomcatWebServer  : Tomcat started on port(s): 8080 (http) with context path ''
2023-10-15T01:41:45.328+02:00  INFO 2120 --- [restartedMain] c.e.demotestapp.DemoTestAppApplication   : Started DemoTestAppApplication in 1.613 seconds (process running for 2.73)
2023-10-15T01:41:55.024+02:00  INFO 2120 --- [http-nio-8080-exec-1] o.a.c.c.C.[Tomcat].[localhost].[/]       : Initializing Spring DispatcherServlet 'dispatcherServlet'
2023-10-15T01:41:55.025+02:00  INFO 2120 --- [http-nio-8080-exec-1] o.s.web.servlet.DispatcherServlet        : Initializing Servlet 'dispatcherServlet'
2023-10-15T01:41:55.026+02:00  INFO 2120 --- [http-nio-8080-exec-1] o.s.web.servlet.DispatcherServlet        : Completed initialization in 1 ms
2023-10-15T01:42:09.868+02:00  INFO 2120 --- [http-nio-8080-exec-4] c.example.demotestapp.gameplay.GameData  : index location at: 1
2023-10-15T01:42:37.052+02:00  INFO 2120 --- [http-nio-8080-exec-8] c.example.demotestapp.gameplay.GameData  : index location at: 2
2023-10-15T01:42:53.059+02:00  INFO 2120 --- [http-nio-8080-exec-10] c.example.demotestapp.gameplay.GameData  : index location at: 0
2023-10-15T01:42:58.928+02:00  INFO 2120 --- [http-nio-8080-exec-7] c.example.demotestapp.gameplay.GameData  : index location at: 4
2023-10-15T01:43:15.261+02:00  INFO 2120 --- [http-nio-8080-exec-3] c.example.demotestapp.gameplay.GameData  : index location at: 5
2023-10-15T01:43:23.715+02:00  INFO 2120 --- [http-nio-8080-exec-9] c.example.demotestapp.gameplay.GameData  : index location at: 0
2023-10-15T01:43:25.954+02:00  INFO 2120 --- [http-nio-8080-exec-10] c.example.demotestapp.gameplay.GameData  : index location at: 1
2023-10-15T01:43:25.956+02:00  INFO 2120 --- [http-nio-8080-exec-10] c.example.demotestapp.gameplay.GameData  : [Stones from player :1 Opponent stones :8]
2023-10-15T01:43:31.834+02:00  INFO 2120 --- [http-nio-8080-exec-7] c.example.demotestapp.gameplay.GameData  : index location at: 2
2023-10-15T01:43:31.834+02:00  INFO 2120 --- [http-nio-8080-exec-7] c.example.demotestapp.gameplay.GameData  : [Stones from player :1 Opponent stones :0]
2023-10-15T01:43:34.801+02:00  INFO 2120 --- [http-nio-8080-exec-4] c.example.demotestapp.gameplay.GameData  : index location at: 3
2023-10-15T01:43:36.503+02:00  WARN 2120 --- [http-nio-8080-exec-6] .w.s.m.s.DefaultHandlerExceptionResolver : Resolved [org.springframework.web.method.annotation.MethodArgumentTypeMismatchException: Failed to convert value of type 'java.lang.String' to required type 'int'; For input string: ""]
2023-10-15T01:43:52.722+02:00  INFO 2120 --- [http-nio-8080-exec-9] c.example.demotestapp.gameplay.GameData  : index location at: 4
2023-10-15T01:43:56.635+02:00  INFO 2120 --- [http-nio-8080-exec-10] c.example.demotestapp.gameplay.GameData  : index location at: 5
2023-10-15T01:43:59.914+02:00  INFO 2120 --- [http-nio-8080-exec-7] c.example.demotestapp.gameplay.GameData  : index location at: 6
2023-10-15T01:43:59.915+02:00  INFO 2120 --- [http-nio-8080-exec-7] c.example.demotestapp.gameplay.GameData  : [Stones from player :1 Opponent stones :11]
2023-10-15T01:44:08.163+02:00  INFO 2120 --- [http-nio-8080-exec-3] c.example.demotestapp.gameplay.GameData  : index location at: 1
2023-10-15T01:44:11.298+02:00  INFO 2120 --- [http-nio-8080-exec-2] c.example.demotestapp.gameplay.GameData  : index location at: 0
2023-10-15T01:44:14.283+02:00  INFO 2120 --- [http-nio-8080-exec-8] c.example.demotestapp.gameplay.GameData  : index location at: 3
2023-10-15T01:44:16.786+02:00  INFO 2120 --- [http-nio-8080-exec-9] c.example.demotestapp.gameplay.GameData  : index location at: 4
2023-10-15T01:44:16.786+02:00  INFO 2120 --- [http-nio-8080-exec-9] c.example.demotestapp.gameplay.GameData  : [Stones from player :1 Opponent stones :11]
2023-10-15T01:44:20.172+02:00  INFO 2120 --- [http-nio-8080-exec-1] c.example.demotestapp.gameplay.GameData  : index location at: 5
2023-10-15T01:44:20.172+02:00  INFO 2120 --- [http-nio-8080-exec-1] c.example.demotestapp.gameplay.GameData  : [Stones from player :1 Opponent stones :0]
2023-10-15T01:44:42.475+02:00  INFO 2120 --- [http-nio-8080-exec-1] c.example.demotestapp.gameplay.GameData  : index location at: 1
2023-10-15T01:44:47.272+02:00  INFO 2120 --- [http-nio-8080-exec-7] c.example.demotestapp.gameplay.GameData  : index location at: 2
2023-10-15T01:44:47.273+02:00  INFO 2120 --- [http-nio-8080-exec-7] c.example.demotestapp.gameplay.GameData  : [Stones from player :1 Opponent stones :0]
2023-10-15T01:44:50.354+02:00  INFO 2120 --- [http-nio-8080-exec-3] c.example.demotestapp.gameplay.GameData  : index location at: 3
2023-10-15T01:44:53.417+02:00  INFO 2120 --- [http-nio-8080-exec-2] c.example.demotestapp.gameplay.GameData  : index location at: 4
2023-10-15T01:44:53.418+02:00  INFO 2120 --- [http-nio-8080-exec-2] c.example.demotestapp.gameplay.GameData  : [Stones from player :1 Opponent stones :0]
2023-10-15T01:44:57.097+02:00  INFO 2120 --- [http-nio-8080-exec-8] c.example.demotestapp.gameplay.GameData  : index location at: 5
2023-10-15T01:45:00.905+02:00  INFO 2120 --- [http-nio-8080-exec-10] c.example.demotestapp.gameplay.GameData  : index location at: 6
2023-10-15T01:45:07.874+02:00  INFO 2120 --- [http-nio-8080-exec-1] c.example.demotestapp.gameplay.GameData  : [check winner {player1 stones :52 player2 stone :0} ]
2023-10-15T01:49:53.663+02:00  INFO 5760 --- [restartedMain] c.e.demotestapp.DemoTestAppApplication   : Starting DemoTestAppApplication using Java 17.0.2 with PID 5760 (C:\Users\nhlahla.mathye\IdeaProjects\demoTestApp\target\classes started by Nhlahla.Mathye in C:\Users\nhlahla.mathye\IdeaProjects\demoTestApp)
2023-10-15T01:49:53.671+02:00  INFO 5760 --- [restartedMain] c.e.demotestapp.DemoTestAppApplication   : No active profile set, falling back to 1 default profile: "default"
2023-10-15T01:49:53.719+02:00  INFO 5760 --- [restartedMain] .e.DevToolsPropertyDefaultsPostProcessor : Devtools property defaults active! Set 'spring.devtools.add-properties' to 'false' to disable
2023-10-15T01:49:53.720+02:00  INFO 5760 --- [restartedMain] .e.DevToolsPropertyDefaultsPostProcessor : For additional web related logging consider setting the 'logging.level.web' property to 'DEBUG'
2023-10-15T01:49:54.322+02:00  INFO 5760 --- [restartedMain] trationDelegate$BeanPostProcessorChecker : Bean 'org.springframework.ws.config.annotation.DelegatingWsConfiguration' of type [org.springframework.ws.config.annotation.DelegatingWsConfiguration$$SpringCGLIB$$0] is not eligible for getting processed by all BeanPostProcessors (for example: not eligible for auto-proxying)
2023-10-15T01:49:54.367+02:00  INFO 5760 --- [restartedMain] .w.s.a.s.AnnotationActionEndpointMapping : Supporting [WS-Addressing August 2004, WS-Addressing 1.0]
2023-10-15T01:49:54.623+02:00  INFO 5760 --- [restartedMain] o.s.b.w.embedded.tomcat.TomcatWebServer  : Tomcat initialized with port(s): 8080 (http)
2023-10-15T01:49:54.630+02:00  INFO 5760 --- [restartedMain] o.apache.catalina.core.StandardService   : Starting service [Tomcat]
2023-10-15T01:49:54.631+02:00  INFO 5760 --- [restartedMain] o.apache.catalina.core.StandardEngine    : Starting Servlet engine: [Apache Tomcat/10.1.13]
2023-10-15T01:49:54.692+02:00  INFO 5760 --- [restartedMain] o.a.c.c.C.[Tomcat].[localhost].[/]       : Initializing Spring embedded WebApplicationContext
2023-10-15T01:49:54.693+02:00  INFO 5760 --- [restartedMain] w.s.c.ServletWebServerApplicationContext : Root WebApplicationContext: initialization completed in 972 ms
2023-10-15T01:49:54.873+02:00  INFO 5760 --- [restartedMain] o.s.b.a.w.s.WelcomePageHandlerMapping    : Adding welcome page: class path resource [static/index.html]
2023-10-15T01:49:55.023+02:00  INFO 5760 --- [restartedMain] o.s.b.d.a.OptionalLiveReloadServer       : LiveReload server is running on port 35729
2023-10-15T01:49:55.052+02:00  INFO 5760 --- [restartedMain] o.s.b.w.embedded.tomcat.TomcatWebServer  : Tomcat started on port(s): 8080 (http) with context path ''
2023-10-15T01:49:55.061+02:00  INFO 5760 --- [restartedMain] c.e.demotestapp.DemoTestAppApplication   : Started DemoTestAppApplication in 1.753 seconds (process running for 3.023)
2023-10-15T01:50:07.100+02:00  INFO 5760 --- [http-nio-8080-exec-1] o.a.c.c.C.[Tomcat].[localhost].[/]       : Initializing Spring DispatcherServlet 'dispatcherServlet'
2023-10-15T01:50:07.101+02:00  INFO 5760 --- [http-nio-8080-exec-1] o.s.web.servlet.DispatcherServlet        : Initializing Servlet 'dispatcherServlet'
2023-10-15T01:50:07.102+02:00  INFO 5760 --- [http-nio-8080-exec-1] o.s.web.servlet.DispatcherServlet        : Completed initialization in 1 ms
2023-10-15T01:50:11.967+02:00  INFO 5760 --- [http-nio-8080-exec-10] c.example.demotestapp.gameplay.GameData  : index location at: 0
2023-10-15T01:50:22.520+02:00  INFO 5760 --- [http-nio-8080-exec-7] c.example.demotestapp.gameplay.GameData  : index location at: 1
2023-10-15T01:50:25.755+02:00  INFO 5760 --- [http-nio-8080-exec-3] c.example.demotestapp.gameplay.GameData  : index location at: 3
2023-10-15T01:50:28.907+02:00  INFO 5760 --- [http-nio-8080-exec-1] c.example.demotestapp.gameplay.GameData  : index location at: 2
2023-10-15T01:50:42.338+02:00  INFO 5760 --- [http-nio-8080-exec-3] c.example.demotestapp.gameplay.GameData  : index location at: 4
2023-10-15T01:50:46.235+02:00  INFO 5760 --- [http-nio-8080-exec-4] c.example.demotestapp.gameplay.GameData  : index location at: 0
2023-10-15T01:50:46.236+02:00  INFO 5760 --- [http-nio-8080-exec-4] c.example.demotestapp.gameplay.GameData  : [Stones from player :1 Opponent stones :7]
2023-10-15T01:50:54.642+02:00  INFO 5760 --- [http-nio-8080-exec-10] c.example.demotestapp.gameplay.GameData  : index location at: 5
2023-10-15T01:50:54.642+02:00  INFO 5760 --- [http-nio-8080-exec-10] c.example.demotestapp.gameplay.GameData  : [Stones from player :1 Opponent stones :8]
2023-10-15T01:50:59.284+02:00  INFO 5760 --- [http-nio-8080-exec-7] c.example.demotestapp.gameplay.GameData  : index location at: 6
2023-10-15T01:50:59.284+02:00  INFO 5760 --- [http-nio-8080-exec-7] c.example.demotestapp.gameplay.GameData  : [Stones from player :1 Opponent stones :11]
2023-10-15T01:51:02.970+02:00  INFO 5760 --- [http-nio-8080-exec-3] c.example.demotestapp.gameplay.GameData  : index location at: 2
2023-10-15T01:51:06.354+02:00  INFO 5760 --- [http-nio-8080-exec-4] c.example.demotestapp.gameplay.GameData  : index location at: 0
2023-10-15T01:51:06.355+02:00  INFO 5760 --- [http-nio-8080-exec-4] c.example.demotestapp.gameplay.GameData  : [Stones from player :1 Opponent stones :1]
2023-10-15T01:51:11.576+02:00  INFO 5760 --- [http-nio-8080-exec-8] c.example.demotestapp.gameplay.GameData  : index location at: 3
2023-10-15T01:51:11.577+02:00  INFO 5760 --- [http-nio-8080-exec-8] c.example.demotestapp.gameplay.GameData  : [Stones from player :1 Opponent stones :12]
2023-10-15T01:51:14.587+02:00  INFO 5760 --- [http-nio-8080-exec-2] c.example.demotestapp.gameplay.GameData  : index location at: 4
2023-10-15T01:51:18.276+02:00  INFO 5760 --- [http-nio-8080-exec-10] c.example.demotestapp.gameplay.GameData  : index location at: 5
2023-10-15T01:51:21.659+02:00  INFO 5760 --- [http-nio-8080-exec-7] c.example.demotestapp.gameplay.GameData  : index location at: 1
2023-10-15T01:51:21.660+02:00  INFO 5760 --- [http-nio-8080-exec-7] c.example.demotestapp.gameplay.GameData  : [Stones from player :1 Opponent stones :0]
2023-10-15T01:51:29.337+02:00  INFO 5760 --- [http-nio-8080-exec-8] c.example.demotestapp.gameplay.GameData  : index location at: 2
2023-10-15T01:51:32.457+02:00  INFO 5760 --- [http-nio-8080-exec-2] c.example.demotestapp.gameplay.GameData  : index location at: 3
2023-10-15T01:51:32.457+02:00  INFO 5760 --- [http-nio-8080-exec-2] c.example.demotestapp.gameplay.GameData  : [Stones from player :1 Opponent stones :11]
2023-10-15T01:51:37.647+02:00  INFO 5760 --- [http-nio-8080-exec-10] c.example.demotestapp.gameplay.GameData  : index location at: 4
2023-10-15T01:51:37.647+02:00  INFO 5760 --- [http-nio-8080-exec-10] c.example.demotestapp.gameplay.GameData  : [Stones from player :1 Opponent stones :0]
2023-10-15T01:51:54.149+02:00  WARN 5760 --- [http-nio-8080-exec-10] .w.s.m.s.DefaultHandlerExceptionResolver : Resolved [org.springframework.web.method.annotation.MethodArgumentTypeMismatchException: Failed to convert value of type 'java.lang.String' to required type 'int'; For input string: ""]
2023-10-15T01:51:57.076+02:00  WARN 5760 --- [http-nio-8080-exec-6] .w.s.m.s.DefaultHandlerExceptionResolver : Resolved [org.springframework.web.method.annotation.MethodArgumentTypeMismatchException: Failed to convert value of type 'java.lang.String' to required type 'int'; For input string: ""]
2023-10-15T01:52:13.003+02:00  INFO 5760 --- [http-nio-8080-exec-6] c.example.demotestapp.gameplay.GameData  : index location at: 6
2023-10-15T01:52:25.392+02:00 ERROR 5760 --- [http-nio-8080-exec-3] o.a.c.c.C.[.[.[/].[dispatcherServlet]    : Servlet.service() for servlet [dispatcherServlet] in context with path [] threw exception [Request processing failed: java.lang.ArrayIndexOutOfBoundsException: Index 14 out of bounds for length 14] with root cause

java.lang.ArrayIndexOutOfBoundsException: Index 14 out of bounds for length 14
	at com.example.demotestapp.gameplay.GameDataHandler.checkPlayerWon(GameData.java:93) ~[classes/:na]
	at com.example.demotestapp.controller.GameController.playGame(GameController.java:35) ~[classes/:na]
	at jdk.internal.reflect.GeneratedMethodAccessor3.invoke(Unknown Source) ~[na:na]
	at java.base/jdk.internal.reflect.DelegatingMethodAccessorImpl.invoke(DelegatingMethodAccessorImpl.java:43) ~[na:na]
	at java.base/java.lang.reflect.Method.invoke(Method.java:568) ~[na:na]
	at org.springframework.web.method.support.InvocableHandlerMethod.doInvoke(InvocableHandlerMethod.java:205) ~[spring-web-6.0.12.jar:6.0.12]
	at org.springframework.web.method.support.InvocableHandlerMethod.invokeForRequest(InvocableHandlerMethod.java:150) ~[spring-web-6.0.12.jar:6.0.12]
	at org.springframework.web.servlet.mvc.method.annotation.ServletInvocableHandlerMethod.invokeAndHandle(ServletInvocableHandlerMethod.java:118) ~[spring-webmvc-6.0.12.jar:6.0.12]
	at org.springframework.web.servlet.mvc.method.annotation.RequestMappingHandlerAdapter.invokeHandlerMethod(RequestMappingHandlerAdapter.java:884) ~[spring-webmvc-6.0.12.jar:6.0.12]
	at org.springframework.web.servlet.mvc.method.annotation.RequestMappingHandlerAdapter.handleInternal(RequestMappingHandlerAdapter.java:797) ~[spring-webmvc-6.0.12.jar:6.0.12]
	at org.springframework.web.servlet.mvc.method.AbstractHandlerMethodAdapter.handle(AbstractHandlerMethodAdapter.java:87) ~[spring-webmvc-6.0.12.jar:6.0.12]
	at org.springframework.web.servlet.DispatcherServlet.doDispatch(DispatcherServlet.java:1081) ~[spring-webmvc-6.0.12.jar:6.0.12]
	at org.springframework.web.servlet.DispatcherServlet.doService(DispatcherServlet.java:974) ~[spring-webmvc-6.0.12.jar:6.0.12]
	at org.springframework.web.servlet.FrameworkServlet.processRequest(FrameworkServlet.java:1011) ~[spring-webmvc-6.0.12.jar:6.0.12]
	at org.springframework.web.servlet.FrameworkServlet.doPost(FrameworkServlet.java:914) ~[spring-webmvc-6.0.12.jar:6.0.12]
	at jakarta.servlet.http.HttpServlet.service(HttpServlet.java:590) ~[tomcat-embed-core-10.1.13.jar:6.0]
	at org.springframework.web.servlet.FrameworkServlet.service(FrameworkServlet.java:885) ~[spring-webmvc-6.0.12.jar:6.0.12]
	at jakarta.servlet.http.HttpServlet.service(HttpServlet.java:658) ~[tomcat-embed-core-10.1.13.jar:6.0]
	at org.apache.catalina.core.ApplicationFilterChain.internalDoFilter(ApplicationFilterChain.java:205) ~[tomcat-embed-core-10.1.13.jar:10.1.13]
	at org.apache.catalina.core.ApplicationFilterChain.doFilter(ApplicationFilterChain.java:149) ~[tomcat-embed-core-10.1.13.jar:10.1.13]
	at org.apache.tomcat.websocket.server.WsFilter.doFilter(WsFilter.java:51) ~[tomcat-embed-websocket-10.1.13.jar:10.1.13]
	at org.apache.catalina.core.ApplicationFilterChain.internalDoFilter(ApplicationFilterChain.java:174) ~[tomcat-embed-core-10.1.13.jar:10.1.13]
	at org.apache.catalina.core.ApplicationFilterChain.doFilter(ApplicationFilterChain.java:149) ~[tomcat-embed-core-10.1.13.jar:10.1.13]
	at org.springframework.web.filter.RequestContextFilter.doFilterInternal(RequestContextFilter.java:100) ~[spring-web-6.0.12.jar:6.0.12]
	at org.springframework.web.filter.OncePerRequestFilter.doFilter(OncePerRequestFilter.java:116) ~[spring-web-6.0.12.jar:6.0.12]
	at org.apache.catalina.core.ApplicationFilterChain.internalDoFilter(ApplicationFilterChain.java:174) ~[tomcat-embed-core-10.1.13.jar:10.1.13]
	at org.apache.catalina.core.ApplicationFilterChain.doFilter(ApplicationFilterChain.java:149) ~[tomcat-embed-core-10.1.13.jar:10.1.13]
	at org.springframework.web.filter.FormContentFilter.doFilterInternal(FormContentFilter.java:93) ~[spring-web-6.0.12.jar:6.0.12]
	at org.springframework.web.filter.OncePerRequestFilter.doFilter(OncePerRequestFilter.java:116) ~[spring-web-6.0.12.jar:6.0.12]
	at org.apache.catalina.core.ApplicationFilterChain.internalDoFilter(ApplicationFilterChain.java:174) ~[tomcat-embed-core-10.1.13.jar:10.1.13]
	at org.apache.catalina.core.ApplicationFilterChain.doFilter(ApplicationFilterChain.java:149) ~[tomcat-embed-core-10.1.13.jar:10.1.13]
	at org.springframework.web.filter.CharacterEncodingFilter.doFilterInternal(CharacterEncodingFilter.java:201) ~[spring-web-6.0.12.jar:6.0.12]
	at org.springframework.web.filter.OncePerRequestFilter.doFilter(OncePerRequestFilter.java:116) ~[spring-web-6.0.12.jar:6.0.12]
	at org.apache.catalina.core.ApplicationFilterChain.internalDoFilter(ApplicationFilterChain.java:174) ~[tomcat-embed-core-10.1.13.jar:10.1.13]
	at org.apache.catalina.core.ApplicationFilterChain.doFilter(ApplicationFilterChain.java:149) ~[tomcat-embed-core-10.1.13.jar:10.1.13]
	at org.apache.catalina.core.StandardWrapperValve.invoke(StandardWrapperValve.java:167) ~[tomcat-embed-core-10.1.13.jar:10.1.13]
	at org.apache.catalina.core.StandardContextValve.invoke(StandardContextValve.java:90) ~[tomcat-embed-core-10.1.13.jar:10.1.13]
	at org.apache.catalina.authenticator.AuthenticatorBase.invoke(AuthenticatorBase.java:482) ~[tomcat-embed-core-10.1.13.jar:10.1.13]
	at org.apache.catalina.core.StandardHostValve.invoke(StandardHostValve.java:115) ~[tomcat-embed-core-10.1.13.jar:10.1.13]
	at org.apache.catalina.valves.ErrorReportValve.invoke(ErrorReportValve.java:93) ~[tomcat-embed-core-10.1.13.jar:10.1.13]
	at org.apache.catalina.core.StandardEngineValve.invoke(StandardEngineValve.java:74) ~[tomcat-embed-core-10.1.13.jar:10.1.13]
	at org.apache.catalina.connector.CoyoteAdapter.service(CoyoteAdapter.java:341) ~[tomcat-embed-core-10.1.13.jar:10.1.13]
	at org.apache.coyote.http11.Http11Processor.service(Http11Processor.java:391) ~[tomcat-embed-core-10.1.13.jar:10.1.13]
	at org.apache.coyote.AbstractProcessorLight.process(AbstractProcessorLight.java:63) ~[tomcat-embed-core-10.1.13.jar:10.1.13]
	at org.apache.coyote.AbstractProtocol$ConnectionHandler.process(AbstractProtocol.java:894) ~[tomcat-embed-core-10.1.13.jar:10.1.13]
	at org.apache.tomcat.util.net.NioEndpoint$SocketProcessor.doRun(NioEndpoint.java:1740) ~[tomcat-embed-core-10.1.13.jar:10.1.13]
	at org.apache.tomcat.util.net.SocketProcessorBase.run(SocketProcessorBase.java:52) ~[tomcat-embed-core-10.1.13.jar:10.1.13]
	at org.apache.tomcat.util.threads.ThreadPoolExecutor.runWorker(ThreadPoolExecutor.java:1191) ~[tomcat-embed-core-10.1.13.jar:10.1.13]
	at org.apache.tomcat.util.threads.ThreadPoolExecutor$Worker.run(ThreadPoolExecutor.java:659) ~[tomcat-embed-core-10.1.13.jar:10.1.13]
	at org.apache.tomcat.util.threads.TaskThread$WrappingRunnable.run(TaskThread.java:61) ~[tomcat-embed-core-10.1.13.jar:10.1.13]
	at java.base/java.lang.Thread.run(Thread.java:833) ~[na:na]

2023-10-15T02:29:28.321+02:00  INFO 3624 --- [main] c.e.d.DemoTestAppApplicationTests        : Starting DemoTestAppApplicationTests using Java 17.0.2 with PID 3624 (started by Nhlahla.Mathye in C:\Users\nhlahla.mathye\IdeaProjects\demoTestApp)
2023-10-15T02:29:28.323+02:00  INFO 3624 --- [main] c.e.d.DemoTestAppApplicationTests        : No active profile set, falling back to 1 default profile: "default"
2023-10-15T02:29:28.712+02:00  INFO 3624 --- [main] o.s.b.t.m.w.SpringBootMockServletContext : Initializing Spring TestDispatcherServlet ''
2023-10-15T02:29:28.712+02:00  INFO 3624 --- [main] o.s.t.web.servlet.TestDispatcherServlet  : Initializing Servlet ''
2023-10-15T02:29:28.852+02:00  INFO 3624 --- [main] o.s.t.web.servlet.TestDispatcherServlet  : Completed initialization in 140 ms
2023-10-15T02:29:28.916+02:00  INFO 3624 --- [main] c.e.d.DemoTestAppApplicationTests        : Started DemoTestAppApplicationTests in 0.966 seconds (process running for 2.354)
2023-10-15T02:29:30.448+02:00  INFO 3624 --- [main] c.example.demotestapp.gameplay.GameData  : [check winner {player1 stones :5 player2 stone :3} ]
2023-10-15T02:30:08.807+02:00  INFO 16696 --- [main] c.e.d.DemoTestAppApplicationTests        : Starting DemoTestAppApplicationTests using Java 17.0.2 with PID 16696 (started by Nhlahla.Mathye in C:\Users\nhlahla.mathye\IdeaProjects\demoTestApp)
2023-10-15T02:30:08.810+02:00  INFO 16696 --- [main] c.e.d.DemoTestAppApplicationTests        : No active profile set, falling back to 1 default profile: "default"
2023-10-15T02:30:09.185+02:00  INFO 16696 --- [main] o.s.b.t.m.w.SpringBootMockServletContext : Initializing Spring TestDispatcherServlet ''
2023-10-15T02:30:09.186+02:00  INFO 16696 --- [main] o.s.t.web.servlet.TestDispatcherServlet  : Initializing Servlet ''
2023-10-15T02:30:09.309+02:00  INFO 16696 --- [main] o.s.t.web.servlet.TestDispatcherServlet  : Completed initialization in 123 ms
2023-10-15T02:30:09.361+02:00  INFO 16696 --- [main] c.e.d.DemoTestAppApplicationTests        : Started DemoTestAppApplicationTests in 0.926 seconds (process running for 1.998)
2023-10-15T02:30:10.361+02:00  INFO 16696 --- [main] c.example.demotestapp.gameplay.GameData  : [check winner {player1 stones :5 player2 stone :11} ]
2023-10-15T02:30:38.464+02:00  INFO 18148 --- [main] c.e.d.DemoTestAppApplicationTests        : Starting DemoTestAppApplicationTests using Java 17.0.2 with PID 18148 (started by Nhlahla.Mathye in C:\Users\nhlahla.mathye\IdeaProjects\demoTestApp)
2023-10-15T02:30:38.467+02:00  INFO 18148 --- [main] c.e.d.DemoTestAppApplicationTests        : No active profile set, falling back to 1 default profile: "default"
2023-10-15T02:30:38.805+02:00  INFO 18148 --- [main] o.s.b.t.m.w.SpringBootMockServletContext : Initializing Spring TestDispatcherServlet ''
2023-10-15T02:30:38.805+02:00  INFO 18148 --- [main] o.s.t.web.servlet.TestDispatcherServlet  : Initializing Servlet ''
2023-10-15T02:30:38.924+02:00  INFO 18148 --- [main] o.s.t.web.servlet.TestDispatcherServlet  : Completed initialization in 119 ms
2023-10-15T02:30:38.991+02:00  INFO 18148 --- [main] c.e.d.DemoTestAppApplicationTests        : Started DemoTestAppApplicationTests in 0.874 seconds (process running for 2.01)
2023-10-15T02:30:40.034+02:00  INFO 18148 --- [main] c.example.demotestapp.gameplay.GameData  : [check winner {player1 stones :5 player2 stone :11} ]
2023-10-15T02:36:46.227+02:00  INFO 16664 --- [main] c.e.d.DemoTestAppApplicationTests        : Starting DemoTestAppApplicationTests using Java 17.0.2 with PID 16664 (started by Nhlahla.Mathye in C:\Users\nhlahla.mathye\IdeaProjects\demoTestApp)
2023-10-15T02:36:46.230+02:00  INFO 16664 --- [main] c.e.d.DemoTestAppApplicationTests        : No active profile set, falling back to 1 default profile: "default"
2023-10-15T02:36:46.622+02:00  INFO 16664 --- [main] o.s.b.t.m.w.SpringBootMockServletContext : Initializing Spring TestDispatcherServlet ''
2023-10-15T02:36:46.622+02:00  INFO 16664 --- [main] o.s.t.web.servlet.TestDispatcherServlet  : Initializing Servlet ''
2023-10-15T02:36:46.737+02:00  INFO 16664 --- [main] o.s.t.web.servlet.TestDispatcherServlet  : Completed initialization in 115 ms
2023-10-15T02:36:46.793+02:00  INFO 16664 --- [main] c.e.d.DemoTestAppApplicationTests        : Started DemoTestAppApplicationTests in 0.956 seconds (process running for 2.109)
2023-10-15T02:44:15.572+02:00  INFO 9472 --- [main] c.e.d.DemoTestAppApplicationTests        : Starting DemoTestAppApplicationTests using Java 17.0.2 with PID 9472 (started by Nhlahla.Mathye in C:\Users\nhlahla.mathye\IdeaProjects\demoTestApp)
2023-10-15T02:44:15.574+02:00  INFO 9472 --- [main] c.e.d.DemoTestAppApplicationTests        : No active profile set, falling back to 1 default profile: "default"
2023-10-15T02:44:15.946+02:00  INFO 9472 --- [main] o.s.b.t.m.w.SpringBootMockServletContext : Initializing Spring TestDispatcherServlet ''
2023-10-15T02:44:15.946+02:00  INFO 9472 --- [main] o.s.t.web.servlet.TestDispatcherServlet  : Initializing Servlet ''
2023-10-15T02:44:16.066+02:00  INFO 9472 --- [main] o.s.t.web.servlet.TestDispatcherServlet  : Completed initialization in 120 ms
2023-10-15T02:44:16.133+02:00  INFO 9472 --- [main] c.e.d.DemoTestAppApplicationTests        : Started DemoTestAppApplicationTests in 0.947 seconds (process running for 2.068)
2023-10-15T02:49:21.524+02:00  INFO 8196 --- [main] c.e.d.DemoTestAppApplicationTests        : Starting DemoTestAppApplicationTests using Java 17.0.2 with PID 8196 (started by Nhlahla.Mathye in C:\Users\nhlahla.mathye\IdeaProjects\demoTestApp)
2023-10-15T02:49:21.527+02:00  INFO 8196 --- [main] c.e.d.DemoTestAppApplicationTests        : No active profile set, falling back to 1 default profile: "default"
2023-10-15T02:49:21.983+02:00  INFO 8196 --- [main] o.s.b.t.m.w.SpringBootMockServletContext : Initializing Spring TestDispatcherServlet ''
2023-10-15T02:49:21.984+02:00  INFO 8196 --- [main] o.s.t.web.servlet.TestDispatcherServlet  : Initializing Servlet ''
2023-10-15T02:49:22.120+02:00  INFO 8196 --- [main] o.s.t.web.servlet.TestDispatcherServlet  : Completed initialization in 136 ms
2023-10-15T02:49:22.180+02:00  INFO 8196 --- [main] c.e.d.DemoTestAppApplicationTests        : Started DemoTestAppApplicationTests in 1.058 seconds (process running for 2.318)
2023-10-15T02:55:56.410+02:00  INFO 1696 --- [main] c.e.d.DemoTestAppApplicationTests        : Starting DemoTestAppApplicationTests using Java 17.0.2 with PID 1696 (started by Nhlahla.Mathye in C:\Users\nhlahla.mathye\IdeaProjects\demoTestApp)
2023-10-15T02:55:56.412+02:00  INFO 1696 --- [main] c.e.d.DemoTestAppApplicationTests        : No active profile set, falling back to 1 default profile: "default"
2023-10-15T02:55:56.834+02:00  INFO 1696 --- [main] o.s.b.t.m.w.SpringBootMockServletContext : Initializing Spring TestDispatcherServlet ''
2023-10-15T02:55:56.834+02:00  INFO 1696 --- [main] o.s.t.web.servlet.TestDispatcherServlet  : Initializing Servlet ''
2023-10-15T02:55:56.957+02:00  INFO 1696 --- [main] o.s.t.web.servlet.TestDispatcherServlet  : Completed initialization in 121 ms
2023-10-15T02:55:57.012+02:00  INFO 1696 --- [main] c.e.d.DemoTestAppApplicationTests        : Started DemoTestAppApplicationTests in 0.94 seconds (process running for 2.071)
2023-10-15T02:56:35.262+02:00  INFO 19168 --- [main] c.e.d.DemoTestAppApplicationTests        : Starting DemoTestAppApplicationTests using Java 17.0.2 with PID 19168 (started by Nhlahla.Mathye in C:\Users\nhlahla.mathye\IdeaProjects\demoTestApp)
2023-10-15T02:56:35.264+02:00  INFO 19168 --- [main] c.e.d.DemoTestAppApplicationTests        : No active profile set, falling back to 1 default profile: "default"
2023-10-15T02:56:35.645+02:00  INFO 19168 --- [main] o.s.b.t.m.w.SpringBootMockServletContext : Initializing Spring TestDispatcherServlet ''
2023-10-15T02:56:35.646+02:00  INFO 19168 --- [main] o.s.t.web.servlet.TestDispatcherServlet  : Initializing Servlet ''
2023-10-15T02:56:35.765+02:00  INFO 19168 --- [main] o.s.t.web.servlet.TestDispatcherServlet  : Completed initialization in 118 ms
2023-10-15T02:56:35.818+02:00  INFO 19168 --- [main] c.e.d.DemoTestAppApplicationTests        : Started DemoTestAppApplicationTests in 0.894 seconds (process running for 1.991)
2023-10-15T03:02:19.611+02:00  INFO 16456 --- [main] c.e.d.DemoTestAppApplicationTests        : Starting DemoTestAppApplicationTests using Java 17.0.2 with PID 16456 (started by Nhlahla.Mathye in C:\Users\nhlahla.mathye\IdeaProjects\demoTestApp)
2023-10-15T03:02:19.614+02:00  INFO 16456 --- [main] c.e.d.DemoTestAppApplicationTests        : No active profile set, falling back to 1 default profile: "default"
2023-10-15T03:02:20.068+02:00  INFO 16456 --- [main] o.s.b.t.m.w.SpringBootMockServletContext : Initializing Spring TestDispatcherServlet ''
2023-10-15T03:02:20.069+02:00  INFO 16456 --- [main] o.s.t.web.servlet.TestDispatcherServlet  : Initializing Servlet ''
2023-10-15T03:02:20.202+02:00  INFO 16456 --- [main] o.s.t.web.servlet.TestDispatcherServlet  : Completed initialization in 133 ms
2023-10-15T03:02:20.258+02:00  INFO 16456 --- [main] c.e.d.DemoTestAppApplicationTests        : Started DemoTestAppApplicationTests in 1.004 seconds (process running for 2.252)
2023-10-15T03:03:53.981+02:00  INFO 12872 --- [main] c.e.d.DemoTestAppApplicationTests        : Starting DemoTestAppApplicationTests using Java 17.0.2 with PID 12872 (started by Nhlahla.Mathye in C:\Users\nhlahla.mathye\IdeaProjects\demoTestApp)
2023-10-15T03:03:53.983+02:00  INFO 12872 --- [main] c.e.d.DemoTestAppApplicationTests        : No active profile set, falling back to 1 default profile: "default"
2023-10-15T03:03:54.347+02:00  INFO 12872 --- [main] o.s.b.t.m.w.SpringBootMockServletContext : Initializing Spring TestDispatcherServlet ''
2023-10-15T03:03:54.348+02:00  INFO 12872 --- [main] o.s.t.web.servlet.TestDispatcherServlet  : Initializing Servlet ''
2023-10-15T03:03:54.464+02:00  INFO 12872 --- [main] o.s.t.web.servlet.TestDispatcherServlet  : Completed initialization in 116 ms
2023-10-15T03:03:54.526+02:00  INFO 12872 --- [main] c.e.d.DemoTestAppApplicationTests        : Started DemoTestAppApplicationTests in 0.889 seconds (process running for 1.987)
2023-10-15T03:04:36.222+02:00  INFO 18648 --- [main] c.e.d.DemoTestAppApplicationTests        : Starting DemoTestAppApplicationTests using Java 17.0.2 with PID 18648 (started by Nhlahla.Mathye in C:\Users\nhlahla.mathye\IdeaProjects\demoTestApp)
2023-10-15T03:04:36.226+02:00  INFO 18648 --- [main] c.e.d.DemoTestAppApplicationTests        : No active profile set, falling back to 1 default profile: "default"
2023-10-15T03:04:36.604+02:00  INFO 18648 --- [main] o.s.b.t.m.w.SpringBootMockServletContext : Initializing Spring TestDispatcherServlet ''
2023-10-15T03:04:36.604+02:00  INFO 18648 --- [main] o.s.t.web.servlet.TestDispatcherServlet  : Initializing Servlet ''
2023-10-15T03:04:36.718+02:00  INFO 18648 --- [main] o.s.t.web.servlet.TestDispatcherServlet  : Completed initialization in 114 ms
2023-10-15T03:04:36.770+02:00  INFO 18648 --- [main] c.e.d.DemoTestAppApplicationTests        : Started DemoTestAppApplicationTests in 0.879 seconds (process running for 2.069)
2023-10-15T03:06:36.264+02:00  INFO 3228 --- [main] c.e.d.DemoTestAppApplicationTests        : Starting DemoTestAppApplicationTests using Java 17.0.2 with PID 3228 (started by Nhlahla.Mathye in C:\Users\nhlahla.mathye\IdeaProjects\demoTestApp)
2023-10-15T03:06:36.266+02:00  INFO 3228 --- [main] c.e.d.DemoTestAppApplicationTests        : No active profile set, falling back to 1 default profile: "default"
2023-10-15T03:06:36.638+02:00  INFO 3228 --- [main] o.s.b.t.m.w.SpringBootMockServletContext : Initializing Spring TestDispatcherServlet ''
2023-10-15T03:06:36.639+02:00  INFO 3228 --- [main] o.s.t.web.servlet.TestDispatcherServlet  : Initializing Servlet ''
2023-10-15T03:06:36.760+02:00  INFO 3228 --- [main] o.s.t.web.servlet.TestDispatcherServlet  : Completed initialization in 121 ms
2023-10-15T03:06:36.814+02:00  INFO 3228 --- [main] c.e.d.DemoTestAppApplicationTests        : Started DemoTestAppApplicationTests in 0.882 seconds (process running for 2.006)
2023-10-15T03:12:43.123+02:00  INFO 18740 --- [main] c.e.d.DemoTestAppApplicationTests        : Starting DemoTestAppApplicationTests using Java 17.0.2 with PID 18740 (started by Nhlahla.Mathye in C:\Users\nhlahla.mathye\IdeaProjects\demoTestApp)
2023-10-15T03:12:43.124+02:00  INFO 18740 --- [main] c.e.d.DemoTestAppApplicationTests        : No active profile set, falling back to 1 default profile: "default"
2023-10-15T03:12:43.486+02:00  INFO 18740 --- [main] o.s.b.t.m.w.SpringBootMockServletContext : Initializing Spring TestDispatcherServlet ''
2023-10-15T03:12:43.487+02:00  INFO 18740 --- [main] o.s.t.web.servlet.TestDispatcherServlet  : Initializing Servlet ''
2023-10-15T03:12:43.618+02:00  INFO 18740 --- [main] o.s.t.web.servlet.TestDispatcherServlet  : Completed initialization in 131 ms
2023-10-15T03:12:43.672+02:00  INFO 18740 --- [main] c.e.d.DemoTestAppApplicationTests        : Started DemoTestAppApplicationTests in 0.902 seconds (process running for 2.039)
2023-10-15T03:12:44.700+02:00  INFO 18740 --- [main] c.example.demotestapp.gameplay.GameData  : [stones from host :1 opponent stones :6]
2023-10-15T03:13:29.694+02:00  INFO 17892 --- [main] c.e.d.DemoTestAppApplicationTests        : Starting DemoTestAppApplicationTests using Java 17.0.2 with PID 17892 (started by Nhlahla.Mathye in C:\Users\nhlahla.mathye\IdeaProjects\demoTestApp)
2023-10-15T03:13:29.696+02:00  INFO 17892 --- [main] c.e.d.DemoTestAppApplicationTests        : No active profile set, falling back to 1 default profile: "default"
2023-10-15T03:13:30.073+02:00  INFO 17892 --- [main] o.s.b.t.m.w.SpringBootMockServletContext : Initializing Spring TestDispatcherServlet ''
2023-10-15T03:13:30.074+02:00  INFO 17892 --- [main] o.s.t.web.servlet.TestDispatcherServlet  : Initializing Servlet ''
2023-10-15T03:13:30.196+02:00  INFO 17892 --- [main] o.s.t.web.servlet.TestDispatcherServlet  : Completed initialization in 122 ms
2023-10-15T03:13:30.252+02:00  INFO 17892 --- [main] c.e.d.DemoTestAppApplicationTests        : Started DemoTestAppApplicationTests in 0.901 seconds (process running for 1.983)
2023-10-15T03:13:31.279+02:00  INFO 17892 --- [main] c.example.demotestapp.gameplay.GameData  : [stones from host :1 opponent stones :6]
2023-10-15T03:14:26.820+02:00  INFO 18772 --- [main] c.e.d.DemoTestAppApplicationTests        : Starting DemoTestAppApplicationTests using Java 17.0.2 with PID 18772 (started by Nhlahla.Mathye in C:\Users\nhlahla.mathye\IdeaProjects\demoTestApp)
2023-10-15T03:14:26.822+02:00  INFO 18772 --- [main] c.e.d.DemoTestAppApplicationTests        : No active profile set, falling back to 1 default profile: "default"
2023-10-15T03:14:27.158+02:00  INFO 18772 --- [main] o.s.b.t.m.w.SpringBootMockServletContext : Initializing Spring TestDispatcherServlet ''
2023-10-15T03:14:27.159+02:00  INFO 18772 --- [main] o.s.t.web.servlet.TestDispatcherServlet  : Initializing Servlet ''
2023-10-15T03:14:27.267+02:00  INFO 18772 --- [main] o.s.t.web.servlet.TestDispatcherServlet  : Completed initialization in 108 ms
2023-10-15T03:14:27.330+02:00  INFO 18772 --- [main] c.e.d.DemoTestAppApplicationTests        : Started DemoTestAppApplicationTests in 0.849 seconds (process running for 1.973)
2023-10-15T03:14:28.363+02:00  INFO 18772 --- [main] c.example.demotestapp.gameplay.GameData  : [stones from host :1 opponent stones :6]
2023-10-15T03:15:01.227+02:00  INFO 15524 --- [main] c.e.d.DemoTestAppApplicationTests        : Starting DemoTestAppApplicationTests using Java 17.0.2 with PID 15524 (started by Nhlahla.Mathye in C:\Users\nhlahla.mathye\IdeaProjects\demoTestApp)
2023-10-15T03:15:01.229+02:00  INFO 15524 --- [main] c.e.d.DemoTestAppApplicationTests        : No active profile set, falling back to 1 default profile: "default"
2023-10-15T03:15:01.578+02:00  INFO 15524 --- [main] o.s.b.t.m.w.SpringBootMockServletContext : Initializing Spring TestDispatcherServlet ''
2023-10-15T03:15:01.578+02:00  INFO 15524 --- [main] o.s.t.web.servlet.TestDispatcherServlet  : Initializing Servlet ''
2023-10-15T03:15:01.689+02:00  INFO 15524 --- [main] o.s.t.web.servlet.TestDispatcherServlet  : Completed initialization in 111 ms
2023-10-15T03:15:01.751+02:00  INFO 15524 --- [main] c.e.d.DemoTestAppApplicationTests        : Started DemoTestAppApplicationTests in 0.855 seconds (process running for 1.943)
2023-10-15T03:15:02.788+02:00  INFO 15524 --- [main] c.example.demotestapp.gameplay.GameData  : [stones from host :1 opponent stones :6]
2023-10-15T03:22:21.814+02:00  INFO 18964 --- [main] c.e.d.DemoTestAppApplicationTests        : Starting DemoTestAppApplicationTests using Java 17.0.2 with PID 18964 (started by Nhlahla.Mathye in C:\Users\nhlahla.mathye\IdeaProjects\demoTestApp)
2023-10-15T03:22:21.818+02:00  INFO 18964 --- [main] c.e.d.DemoTestAppApplicationTests        : No active profile set, falling back to 1 default profile: "default"
2023-10-15T03:22:22.222+02:00  INFO 18964 --- [main] o.s.b.t.m.w.SpringBootMockServletContext : Initializing Spring TestDispatcherServlet ''
2023-10-15T03:22:22.222+02:00  INFO 18964 --- [main] o.s.t.web.servlet.TestDispatcherServlet  : Initializing Servlet ''
2023-10-15T03:22:22.349+02:00  INFO 18964 --- [main] o.s.t.web.servlet.TestDispatcherServlet  : Completed initialization in 127 ms
2023-10-15T03:22:22.409+02:00  INFO 18964 --- [main] c.e.d.DemoTestAppApplicationTests        : Started DemoTestAppApplicationTests in 1.008 seconds (process running for 2.215)
2023-10-15T03:22:23.510+02:00  INFO 18964 --- [main] c.example.demotestapp.gameplay.GameData  : [stones from host :1 opponent stones :6]
2023-10-15T03:23:02.823+02:00  INFO 5360 --- [main] c.e.d.DemoTestAppApplicationTests        : Starting DemoTestAppApplicationTests using Java 17.0.2 with PID 5360 (started by Nhlahla.Mathye in C:\Users\nhlahla.mathye\IdeaProjects\demoTestApp)
2023-10-15T03:23:02.825+02:00  INFO 5360 --- [main] c.e.d.DemoTestAppApplicationTests        : No active profile set, falling back to 1 default profile: "default"
2023-10-15T03:23:03.180+02:00  INFO 5360 --- [main] o.s.b.t.m.w.SpringBootMockServletContext : Initializing Spring TestDispatcherServlet ''
2023-10-15T03:23:03.180+02:00  INFO 5360 --- [main] o.s.t.web.servlet.TestDispatcherServlet  : Initializing Servlet ''
2023-10-15T03:23:03.303+02:00  INFO 5360 --- [main] o.s.t.web.servlet.TestDispatcherServlet  : Completed initialization in 123 ms
2023-10-15T03:23:03.364+02:00  INFO 5360 --- [main] c.e.d.DemoTestAppApplicationTests        : Started DemoTestAppApplicationTests in 0.891 seconds (process running for 1.947)
2023-10-15T03:23:04.401+02:00  INFO 5360 --- [main] c.example.demotestapp.gameplay.GameData  : index location at: 0
2023-10-15T03:23:58.682+02:00  INFO 2756 --- [main] c.e.d.DemoTestAppApplicationTests        : Starting DemoTestAppApplicationTests using Java 17.0.2 with PID 2756 (started by Nhlahla.Mathye in C:\Users\nhlahla.mathye\IdeaProjects\demoTestApp)
2023-10-15T03:23:58.685+02:00  INFO 2756 --- [main] c.e.d.DemoTestAppApplicationTests        : No active profile set, falling back to 1 default profile: "default"
2023-10-15T03:23:59.071+02:00  INFO 2756 --- [main] o.s.b.t.m.w.SpringBootMockServletContext : Initializing Spring TestDispatcherServlet ''
2023-10-15T03:23:59.071+02:00  INFO 2756 --- [main] o.s.t.web.servlet.TestDispatcherServlet  : Initializing Servlet ''
2023-10-15T03:23:59.193+02:00  INFO 2756 --- [main] o.s.t.web.servlet.TestDispatcherServlet  : Completed initialization in 122 ms
2023-10-15T03:23:59.259+02:00  INFO 2756 --- [main] c.e.d.DemoTestAppApplicationTests        : Started DemoTestAppApplicationTests in 0.927 seconds (process running for 2.08)
2023-10-15T03:24:00.345+02:00  INFO 2756 --- [main] c.example.demotestapp.gameplay.GameData  : index location at: 0
2023-10-15T03:25:52.906+02:00  INFO 16528 --- [main] c.e.d.DemoTestAppApplicationTests        : Starting DemoTestAppApplicationTests using Java 17.0.2 with PID 16528 (started by Nhlahla.Mathye in C:\Users\nhlahla.mathye\IdeaProjects\demoTestApp)
2023-10-15T03:25:52.908+02:00  INFO 16528 --- [main] c.e.d.DemoTestAppApplicationTests        : No active profile set, falling back to 1 default profile: "default"
2023-10-15T03:25:53.306+02:00  INFO 16528 --- [main] o.s.b.t.m.w.SpringBootMockServletContext : Initializing Spring TestDispatcherServlet ''
2023-10-15T03:25:53.306+02:00  INFO 16528 --- [main] o.s.t.web.servlet.TestDispatcherServlet  : Initializing Servlet ''
2023-10-15T03:25:53.417+02:00  INFO 16528 --- [main] o.s.t.web.servlet.TestDispatcherServlet  : Completed initialization in 111 ms
2023-10-15T03:25:53.470+02:00  INFO 16528 --- [main] c.e.d.DemoTestAppApplicationTests        : Started DemoTestAppApplicationTests in 0.918 seconds (process running for 2.042)
2023-10-15T03:25:54.521+02:00  INFO 16528 --- [main] c.example.demotestapp.gameplay.GameData  : index location at: 0
2023-10-15T03:26:20.589+02:00  INFO 18064 --- [main] c.e.d.DemoTestAppApplicationTests        : Starting DemoTestAppApplicationTests using Java 17.0.2 with PID 18064 (started by Nhlahla.Mathye in C:\Users\nhlahla.mathye\IdeaProjects\demoTestApp)
2023-10-15T03:26:20.591+02:00  INFO 18064 --- [main] c.e.d.DemoTestAppApplicationTests        : No active profile set, falling back to 1 default profile: "default"
2023-10-15T03:26:20.928+02:00  INFO 18064 --- [main] o.s.b.t.m.w.SpringBootMockServletContext : Initializing Spring TestDispatcherServlet ''
2023-10-15T03:26:20.929+02:00  INFO 18064 --- [main] o.s.t.web.servlet.TestDispatcherServlet  : Initializing Servlet ''
2023-10-15T03:26:21.047+02:00  INFO 18064 --- [main] o.s.t.web.servlet.TestDispatcherServlet  : Completed initialization in 117 ms
2023-10-15T03:26:21.132+02:00  INFO 18064 --- [main] c.e.d.DemoTestAppApplicationTests        : Started DemoTestAppApplicationTests in 0.886 seconds (process running for 1.987)
2023-10-15T03:26:22.187+02:00  INFO 18064 --- [main] c.example.demotestapp.gameplay.GameData  : index location at: 0
2023-10-15T03:31:15.274+02:00  INFO 3980 --- [main] c.e.d.DemoTestAppApplicationTests        : Starting DemoTestAppApplicationTests using Java 17.0.2 with PID 3980 (started by Nhlahla.Mathye in C:\Users\nhlahla.mathye\IdeaProjects\demoTestApp)
2023-10-15T03:31:15.276+02:00  INFO 3980 --- [main] c.e.d.DemoTestAppApplicationTests        : No active profile set, falling back to 1 default profile: "default"
2023-10-15T03:31:15.654+02:00  INFO 3980 --- [main] o.s.b.t.m.w.SpringBootMockServletContext : Initializing Spring TestDispatcherServlet ''
2023-10-15T03:31:15.654+02:00  INFO 3980 --- [main] o.s.t.web.servlet.TestDispatcherServlet  : Initializing Servlet ''
2023-10-15T03:31:15.766+02:00  INFO 3980 --- [main] o.s.t.web.servlet.TestDispatcherServlet  : Completed initialization in 112 ms
2023-10-15T03:31:15.820+02:00  INFO 3980 --- [main] c.e.d.DemoTestAppApplicationTests        : Started DemoTestAppApplicationTests in 0.979 seconds (process running for 2.692)
2023-10-15T03:32:45.692+02:00  INFO 19320 --- [main] c.e.d.DemoTestAppApplicationTests        : Starting DemoTestAppApplicationTests using Java 17.0.2 with PID 19320 (started by Nhlahla.Mathye in C:\Users\nhlahla.mathye\IdeaProjects\demoTestApp)
2023-10-15T03:32:45.694+02:00  INFO 19320 --- [main] c.e.d.DemoTestAppApplicationTests        : No active profile set, falling back to 1 default profile: "default"
2023-10-15T03:32:46.122+02:00  INFO 19320 --- [main] o.s.b.t.m.w.SpringBootMockServletContext : Initializing Spring TestDispatcherServlet ''
2023-10-15T03:32:46.122+02:00  INFO 19320 --- [main] o.s.t.web.servlet.TestDispatcherServlet  : Initializing Servlet ''
2023-10-15T03:32:46.241+02:00  INFO 19320 --- [main] o.s.t.web.servlet.TestDispatcherServlet  : Completed initialization in 119 ms
2023-10-15T03:32:46.293+02:00  INFO 19320 --- [main] c.e.d.DemoTestAppApplicationTests        : Started DemoTestAppApplicationTests in 0.961 seconds (process running for 2.089)
2023-10-15T03:33:36.901+02:00  INFO 17704 --- [main] c.e.d.DemoTestAppApplicationTests        : Starting DemoTestAppApplicationTests using Java 17.0.2 with PID 17704 (started by Nhlahla.Mathye in C:\Users\nhlahla.mathye\IdeaProjects\demoTestApp)
2023-10-15T03:33:36.903+02:00  INFO 17704 --- [main] c.e.d.DemoTestAppApplicationTests        : No active profile set, falling back to 1 default profile: "default"
2023-10-15T03:33:37.271+02:00  INFO 17704 --- [main] o.s.b.t.m.w.SpringBootMockServletContext : Initializing Spring TestDispatcherServlet ''
2023-10-15T03:33:37.272+02:00  INFO 17704 --- [main] o.s.t.web.servlet.TestDispatcherServlet  : Initializing Servlet ''
2023-10-15T03:33:37.391+02:00  INFO 17704 --- [main] o.s.t.web.servlet.TestDispatcherServlet  : Completed initialization in 119 ms
2023-10-15T03:33:37.462+02:00  INFO 17704 --- [main] c.e.d.DemoTestAppApplicationTests        : Started DemoTestAppApplicationTests in 0.908 seconds (process running for 2.009)
2023-10-15T03:35:30.969+02:00  INFO 13552 --- [main] c.e.d.DemoTestAppApplicationTests        : Starting DemoTestAppApplicationTests using Java 17.0.2 with PID 13552 (started by Nhlahla.Mathye in C:\Users\nhlahla.mathye\IdeaProjects\demoTestApp)
2023-10-15T03:35:30.971+02:00  INFO 13552 --- [main] c.e.d.DemoTestAppApplicationTests        : No active profile set, falling back to 1 default profile: "default"
2023-10-15T03:35:31.346+02:00  INFO 13552 --- [main] o.s.b.t.m.w.SpringBootMockServletContext : Initializing Spring TestDispatcherServlet ''
2023-10-15T03:35:31.347+02:00  INFO 13552 --- [main] o.s.t.web.servlet.TestDispatcherServlet  : Initializing Servlet ''
2023-10-15T03:35:31.461+02:00  INFO 13552 --- [main] o.s.t.web.servlet.TestDispatcherServlet  : Completed initialization in 114 ms
2023-10-15T03:35:31.514+02:00  INFO 13552 --- [main] c.e.d.DemoTestAppApplicationTests        : Started DemoTestAppApplicationTests in 0.886 seconds (process running for 1.949)
2023-10-15T03:40:19.504+02:00  INFO 15448 --- [main] c.e.d.DemoTestAppApplicationTests        : Starting DemoTestAppApplicationTests using Java 17.0.2 with PID 15448 (started by Nhlahla.Mathye in C:\Users\nhlahla.mathye\IdeaProjects\demoTestApp)
2023-10-15T03:40:19.506+02:00  INFO 15448 --- [main] c.e.d.DemoTestAppApplicationTests        : No active profile set, falling back to 1 default profile: "default"
2023-10-15T03:40:19.859+02:00  INFO 15448 --- [main] o.s.b.t.m.w.SpringBootMockServletContext : Initializing Spring TestDispatcherServlet ''
2023-10-15T03:40:19.859+02:00  INFO 15448 --- [main] o.s.t.web.servlet.TestDispatcherServlet  : Initializing Servlet ''
2023-10-15T03:40:19.982+02:00  INFO 15448 --- [main] o.s.t.web.servlet.TestDispatcherServlet  : Completed initialization in 122 ms
2023-10-15T03:40:20.034+02:00  INFO 15448 --- [main] c.e.d.DemoTestAppApplicationTests        : Started DemoTestAppApplicationTests in 0.872 seconds (process running for 2.055)
2023-10-15T03:41:10.868+02:00  INFO 7940 --- [main] c.e.d.DemoTestAppApplicationTests        : Starting DemoTestAppApplicationTests using Java 17.0.2 with PID 7940 (started by Nhlahla.Mathye in C:\Users\nhlahla.mathye\IdeaProjects\demoTestApp)
2023-10-15T03:41:10.871+02:00  INFO 7940 --- [main] c.e.d.DemoTestAppApplicationTests        : No active profile set, falling back to 1 default profile: "default"
2023-10-15T03:41:11.231+02:00  INFO 7940 --- [main] o.s.b.t.m.w.SpringBootMockServletContext : Initializing Spring TestDispatcherServlet ''
2023-10-15T03:41:11.232+02:00  INFO 7940 --- [main] o.s.t.web.servlet.TestDispatcherServlet  : Initializing Servlet ''
2023-10-15T03:41:11.350+02:00  INFO 7940 --- [main] o.s.t.web.servlet.TestDispatcherServlet  : Completed initialization in 118 ms
2023-10-15T03:41:11.412+02:00  INFO 7940 --- [main] c.e.d.DemoTestAppApplicationTests        : Started DemoTestAppApplicationTests in 0.886 seconds (process running for 2.025)
2023-10-15T03:42:08.729+02:00  INFO 19196 --- [main] c.e.d.DemoTestAppApplicationTests        : Starting DemoTestAppApplicationTests using Java 17.0.2 with PID 19196 (started by Nhlahla.Mathye in C:\Users\nhlahla.mathye\IdeaProjects\demoTestApp)
2023-10-15T03:42:08.730+02:00  INFO 19196 --- [main] c.e.d.DemoTestAppApplicationTests        : No active profile set, falling back to 1 default profile: "default"
2023-10-15T03:42:09.115+02:00  INFO 19196 --- [main] o.s.b.t.m.w.SpringBootMockServletContext : Initializing Spring TestDispatcherServlet ''
2023-10-15T03:42:09.116+02:00  INFO 19196 --- [main] o.s.t.web.servlet.TestDispatcherServlet  : Initializing Servlet ''
2023-10-15T03:42:09.233+02:00  INFO 19196 --- [main] o.s.t.web.servlet.TestDispatcherServlet  : Completed initialization in 116 ms
2023-10-15T03:42:09.286+02:00  INFO 19196 --- [main] c.e.d.DemoTestAppApplicationTests        : Started DemoTestAppApplicationTests in 0.907 seconds (process running for 2.028)
2023-10-15T03:43:03.711+02:00  INFO 18620 --- [main] c.e.d.DemoTestAppApplicationTests        : Starting DemoTestAppApplicationTests using Java 17.0.2 with PID 18620 (started by Nhlahla.Mathye in C:\Users\nhlahla.mathye\IdeaProjects\demoTestApp)
2023-10-15T03:43:03.713+02:00  INFO 18620 --- [main] c.e.d.DemoTestAppApplicationTests        : No active profile set, falling back to 1 default profile: "default"
2023-10-15T03:43:04.056+02:00  INFO 18620 --- [main] o.s.b.t.m.w.SpringBootMockServletContext : Initializing Spring TestDispatcherServlet ''
2023-10-15T03:43:04.056+02:00  INFO 18620 --- [main] o.s.t.web.servlet.TestDispatcherServlet  : Initializing Servlet ''
2023-10-15T03:43:04.173+02:00  INFO 18620 --- [main] o.s.t.web.servlet.TestDispatcherServlet  : Completed initialization in 117 ms
2023-10-15T03:43:04.251+02:00  INFO 18620 --- [main] c.e.d.DemoTestAppApplicationTests        : Started DemoTestAppApplicationTests in 0.869 seconds (process running for 1.97)
2023-10-15T03:44:12.732+02:00  INFO 18484 --- [main] c.e.d.DemoTestAppApplicationTests        : Starting DemoTestAppApplicationTests using Java 17.0.2 with PID 18484 (started by Nhlahla.Mathye in C:\Users\nhlahla.mathye\IdeaProjects\demoTestApp)
2023-10-15T03:44:12.736+02:00  INFO 18484 --- [main] c.e.d.DemoTestAppApplicationTests        : No active profile set, falling back to 1 default profile: "default"
2023-10-15T03:44:13.152+02:00  INFO 18484 --- [main] o.s.b.t.m.w.SpringBootMockServletContext : Initializing Spring TestDispatcherServlet ''
2023-10-15T03:44:13.153+02:00  INFO 18484 --- [main] o.s.t.web.servlet.TestDispatcherServlet  : Initializing Servlet ''
2023-10-15T03:44:13.303+02:00  INFO 18484 --- [main] o.s.t.web.servlet.TestDispatcherServlet  : Completed initialization in 149 ms
2023-10-15T03:44:13.358+02:00  INFO 18484 --- [main] c.e.d.DemoTestAppApplicationTests        : Started DemoTestAppApplicationTests in 0.996 seconds (process running for 2.15)
2023-10-15T03:44:44.058+02:00  INFO 17600 --- [main] c.e.d.DemoTestAppApplicationTests        : Starting DemoTestAppApplicationTests using Java 17.0.2 with PID 17600 (started by Nhlahla.Mathye in C:\Users\nhlahla.mathye\IdeaProjects\demoTestApp)
2023-10-15T03:44:44.060+02:00  INFO 17600 --- [main] c.e.d.DemoTestAppApplicationTests        : No active profile set, falling back to 1 default profile: "default"
2023-10-15T03:44:44.447+02:00  INFO 17600 --- [main] o.s.b.t.m.w.SpringBootMockServletContext : Initializing Spring TestDispatcherServlet ''
2023-10-15T03:44:44.447+02:00  INFO 17600 --- [main] o.s.t.web.servlet.TestDispatcherServlet  : Initializing Servlet ''
2023-10-15T03:44:44.568+02:00  INFO 17600 --- [main] o.s.t.web.servlet.TestDispatcherServlet  : Completed initialization in 121 ms
2023-10-15T03:44:44.621+02:00  INFO 17600 --- [main] c.e.d.DemoTestAppApplicationTests        : Started DemoTestAppApplicationTests in 0.901 seconds (process running for 2.011)
2023-10-15T03:45:36.094+02:00  INFO 17996 --- [main] c.e.d.DemoTestAppApplicationTests        : Starting DemoTestAppApplicationTests using Java 17.0.2 with PID 17996 (started by Nhlahla.Mathye in C:\Users\nhlahla.mathye\IdeaProjects\demoTestApp)
2023-10-15T03:45:36.097+02:00  INFO 17996 --- [main] c.e.d.DemoTestAppApplicationTests        : No active profile set, falling back to 1 default profile: "default"
2023-10-15T03:45:36.470+02:00  INFO 17996 --- [main] o.s.b.t.m.w.SpringBootMockServletContext : Initializing Spring TestDispatcherServlet ''
2023-10-15T03:45:36.470+02:00  INFO 17996 --- [main] o.s.t.web.servlet.TestDispatcherServlet  : Initializing Servlet ''
2023-10-15T03:45:36.584+02:00  INFO 17996 --- [main] o.s.t.web.servlet.TestDispatcherServlet  : Completed initialization in 114 ms
2023-10-15T03:45:36.637+02:00  INFO 17996 --- [main] c.e.d.DemoTestAppApplicationTests        : Started DemoTestAppApplicationTests in 0.894 seconds (process running for 1.955)
2023-10-15T03:46:39.433+02:00  INFO 16332 --- [main] c.e.d.DemoTestAppApplicationTests        : Starting DemoTestAppApplicationTests using Java 17.0.2 with PID 16332 (started by Nhlahla.Mathye in C:\Users\nhlahla.mathye\IdeaProjects\demoTestApp)
2023-10-15T03:46:39.434+02:00  INFO 16332 --- [main] c.e.d.DemoTestAppApplicationTests        : No active profile set, falling back to 1 default profile: "default"
2023-10-15T03:46:39.779+02:00  INFO 16332 --- [main] o.s.b.t.m.w.SpringBootMockServletContext : Initializing Spring TestDispatcherServlet ''
2023-10-15T03:46:39.779+02:00  INFO 16332 --- [main] o.s.t.web.servlet.TestDispatcherServlet  : Initializing Servlet ''
2023-10-15T03:46:39.898+02:00  INFO 16332 --- [main] o.s.t.web.servlet.TestDispatcherServlet  : Completed initialization in 118 ms
2023-10-15T03:46:39.959+02:00  INFO 16332 --- [main] c.e.d.DemoTestAppApplicationTests        : Started DemoTestAppApplicationTests in 0.842 seconds (process running for 2.27)
2023-10-15T03:47:25.742+02:00  INFO 4860 --- [main] c.e.d.DemoTestAppApplicationTests        : Starting DemoTestAppApplicationTests using Java 17.0.2 with PID 4860 (started by Nhlahla.Mathye in C:\Users\nhlahla.mathye\IdeaProjects\demoTestApp)
2023-10-15T03:47:25.744+02:00  INFO 4860 --- [main] c.e.d.DemoTestAppApplicationTests        : No active profile set, falling back to 1 default profile: "default"
2023-10-15T03:47:26.122+02:00  INFO 4860 --- [main] o.s.b.t.m.w.SpringBootMockServletContext : Initializing Spring TestDispatcherServlet ''
2023-10-15T03:47:26.124+02:00  INFO 4860 --- [main] o.s.t.web.servlet.TestDispatcherServlet  : Initializing Servlet ''
2023-10-15T03:47:26.234+02:00  INFO 4860 --- [main] o.s.t.web.servlet.TestDispatcherServlet  : Completed initialization in 110 ms
2023-10-15T03:47:26.287+02:00  INFO 4860 --- [main] c.e.d.DemoTestAppApplicationTests        : Started DemoTestAppApplicationTests in 0.892 seconds (process running for 2.013)
2023-10-15T03:48:14.011+02:00  INFO 3308 --- [main] c.e.d.DemoTestAppApplicationTests        : Starting DemoTestAppApplicationTests using Java 17.0.2 with PID 3308 (started by Nhlahla.Mathye in C:\Users\nhlahla.mathye\IdeaProjects\demoTestApp)
2023-10-15T03:48:14.014+02:00  INFO 3308 --- [main] c.e.d.DemoTestAppApplicationTests        : No active profile set, falling back to 1 default profile: "default"
2023-10-15T03:48:14.395+02:00  INFO 3308 --- [main] o.s.b.t.m.w.SpringBootMockServletContext : Initializing Spring TestDispatcherServlet ''
2023-10-15T03:48:14.396+02:00  INFO 3308 --- [main] o.s.t.web.servlet.TestDispatcherServlet  : Initializing Servlet ''
2023-10-15T03:48:14.513+02:00  INFO 3308 --- [main] o.s.t.web.servlet.TestDispatcherServlet  : Completed initialization in 116 ms
2023-10-15T03:48:14.566+02:00  INFO 3308 --- [main] c.e.d.DemoTestAppApplicationTests        : Started DemoTestAppApplicationTests in 0.924 seconds (process running for 2.019)
2023-10-15T03:48:47.604+02:00  INFO 7924 --- [main] c.e.d.DemoTestAppApplicationTests        : Starting DemoTestAppApplicationTests using Java 17.0.2 with PID 7924 (started by Nhlahla.Mathye in C:\Users\nhlahla.mathye\IdeaProjects\demoTestApp)
2023-10-15T03:48:47.607+02:00  INFO 7924 --- [main] c.e.d.DemoTestAppApplicationTests        : No active profile set, falling back to 1 default profile: "default"
2023-10-15T03:48:48.010+02:00  INFO 7924 --- [main] o.s.b.t.m.w.SpringBootMockServletContext : Initializing Spring TestDispatcherServlet ''
2023-10-15T03:48:48.010+02:00  INFO 7924 --- [main] o.s.t.web.servlet.TestDispatcherServlet  : Initializing Servlet ''
2023-10-15T03:48:48.127+02:00  INFO 7924 --- [main] o.s.t.web.servlet.TestDispatcherServlet  : Completed initialization in 116 ms
2023-10-15T03:48:48.192+02:00  INFO 7924 --- [main] c.e.d.DemoTestAppApplicationTests        : Started DemoTestAppApplicationTests in 0.932 seconds (process running for 2.013)
2023-10-15T03:49:24.176+02:00  INFO 8048 --- [main] c.e.d.DemoTestAppApplicationTests        : Starting DemoTestAppApplicationTests using Java 17.0.2 with PID 8048 (started by Nhlahla.Mathye in C:\Users\nhlahla.mathye\IdeaProjects\demoTestApp)
2023-10-15T03:49:24.178+02:00  INFO 8048 --- [main] c.e.d.DemoTestAppApplicationTests        : No active profile set, falling back to 1 default profile: "default"
2023-10-15T03:49:24.519+02:00  INFO 8048 --- [main] o.s.b.t.m.w.SpringBootMockServletContext : Initializing Spring TestDispatcherServlet ''
2023-10-15T03:49:24.520+02:00  INFO 8048 --- [main] o.s.t.web.servlet.TestDispatcherServlet  : Initializing Servlet ''
2023-10-15T03:49:24.656+02:00  INFO 8048 --- [main] o.s.t.web.servlet.TestDispatcherServlet  : Completed initialization in 136 ms
2023-10-15T03:49:24.713+02:00  INFO 8048 --- [main] c.e.d.DemoTestAppApplicationTests        : Started DemoTestAppApplicationTests in 0.896 seconds (process running for 1.99)
2023-10-15T03:49:55.253+02:00  INFO 16120 --- [main] c.e.d.DemoTestAppApplicationTests        : Starting DemoTestAppApplicationTests using Java 17.0.2 with PID 16120 (started by Nhlahla.Mathye in C:\Users\nhlahla.mathye\IdeaProjects\demoTestApp)
2023-10-15T03:49:55.256+02:00  INFO 16120 --- [main] c.e.d.DemoTestAppApplicationTests        : No active profile set, falling back to 1 default profile: "default"
2023-10-15T03:49:55.637+02:00  INFO 16120 --- [main] o.s.b.t.m.w.SpringBootMockServletContext : Initializing Spring TestDispatcherServlet ''
2023-10-15T03:49:55.637+02:00  INFO 16120 --- [main] o.s.t.web.servlet.TestDispatcherServlet  : Initializing Servlet ''
2023-10-15T03:49:55.754+02:00  INFO 16120 --- [main] o.s.t.web.servlet.TestDispatcherServlet  : Completed initialization in 116 ms
2023-10-15T03:49:55.809+02:00  INFO 16120 --- [main] c.e.d.DemoTestAppApplicationTests        : Started DemoTestAppApplicationTests in 0.907 seconds (process running for 2.01)
2023-10-16T09:13:25.623+02:00  INFO 14252 --- [restartedMain] c.e.demotestapp.DemoTestAppApplication   : Starting DemoTestAppApplication using Java 17.0.2 with PID 14252 (C:\Users\nhlahla.mathye\IdeaProjects\demo_test_g\target\classes started by Nhlahla.Mathye in C:\Users\nhlahla.mathye\IdeaProjects\demo_test_g)
2023-10-16T09:13:25.627+02:00  INFO 14252 --- [restartedMain] c.e.demotestapp.DemoTestAppApplication   : No active profile set, falling back to 1 default profile: "default"
2023-10-16T09:13:25.704+02:00  INFO 14252 --- [restartedMain] .e.DevToolsPropertyDefaultsPostProcessor : Devtools property defaults active! Set 'spring.devtools.add-properties' to 'false' to disable
2023-10-16T09:13:25.704+02:00  INFO 14252 --- [restartedMain] .e.DevToolsPropertyDefaultsPostProcessor : For additional web related logging consider setting the 'logging.level.web' property to 'DEBUG'
2023-10-16T09:13:26.451+02:00  INFO 14252 --- [restartedMain] trationDelegate$BeanPostProcessorChecker : Bean 'org.springframework.ws.config.annotation.DelegatingWsConfiguration' of type [org.springframework.ws.config.annotation.DelegatingWsConfiguration$$SpringCGLIB$$0] is not eligible for getting processed by all BeanPostProcessors (for example: not eligible for auto-proxying)
2023-10-16T09:13:26.499+02:00  INFO 14252 --- [restartedMain] .w.s.a.s.AnnotationActionEndpointMapping : Supporting [WS-Addressing August 2004, WS-Addressing 1.0]
2023-10-16T09:13:26.809+02:00  INFO 14252 --- [restartedMain] o.s.b.w.embedded.tomcat.TomcatWebServer  : Tomcat initialized with port(s): 8080 (http)
2023-10-16T09:13:26.817+02:00  INFO 14252 --- [restartedMain] o.apache.catalina.core.StandardService   : Starting service [Tomcat]
2023-10-16T09:13:26.817+02:00  INFO 14252 --- [restartedMain] o.apache.catalina.core.StandardEngine    : Starting Servlet engine: [Apache Tomcat/10.1.13]
2023-10-16T09:13:26.883+02:00  INFO 14252 --- [restartedMain] o.a.c.c.C.[Tomcat].[localhost].[/]       : Initializing Spring embedded WebApplicationContext
2023-10-16T09:13:26.883+02:00  INFO 14252 --- [restartedMain] w.s.c.ServletWebServerApplicationContext : Root WebApplicationContext: initialization completed in 1178 ms
2023-10-16T09:13:27.075+02:00  INFO 14252 --- [restartedMain] o.s.b.a.w.s.WelcomePageHandlerMapping    : Adding welcome page: class path resource [static/index.html]
2023-10-16T09:13:27.249+02:00  INFO 14252 --- [restartedMain] o.s.b.d.a.OptionalLiveReloadServer       : LiveReload server is running on port 35729
2023-10-16T09:13:27.280+02:00  INFO 14252 --- [restartedMain] o.s.b.w.embedded.tomcat.TomcatWebServer  : Tomcat started on port(s): 8080 (http) with context path ''
2023-10-16T09:13:27.289+02:00  INFO 14252 --- [restartedMain] c.e.demotestapp.DemoTestAppApplication   : Started DemoTestAppApplication in 2.425 seconds (process running for 3.565)
2023-10-16T09:13:38.145+02:00  INFO 14252 --- [http-nio-8080-exec-1] o.a.c.c.C.[Tomcat].[localhost].[/]       : Initializing Spring DispatcherServlet 'dispatcherServlet'
2023-10-16T09:13:38.149+02:00  INFO 14252 --- [http-nio-8080-exec-1] o.s.web.servlet.DispatcherServlet        : Initializing Servlet 'dispatcherServlet'
2023-10-16T09:13:38.149+02:00  INFO 14252 --- [http-nio-8080-exec-1] o.s.web.servlet.DispatcherServlet        : Completed initialization in 0 ms
2023-10-16T09:13:46.788+02:00  INFO 14252 --- [http-nio-8080-exec-4] c.e.d.gameplay.GameDataHandler           : index location at: 0
